# Logfile created on 2014-01-27 00:36:40 -0800 by logger.rb/44203
I, [2014-01-27T00:36:40.581977 #90683]  INFO -- : 0:  i18n (0.6.9) from /Users/kvirani/.rvm/gems/ruby-2.1.0/specifications/i18n-0.6.9.gemspec
I, [2014-01-27T00:36:40.582262 #90683]  INFO -- : 0:  minitest (4.7.5) from /Users/kvirani/.rvm/rubies/ruby-2.1.0/lib/ruby/gems/2.1.0/specifications/default/minitest-4.7.5.gemspec
I, [2014-01-27T00:36:40.582566 #90683]  INFO -- : 0:  multi_json (1.8.4) from /Users/kvirani/.rvm/gems/ruby-2.1.0/specifications/multi_json-1.8.4.gemspec
I, [2014-01-27T00:36:40.582803 #90683]  INFO -- : 0:  atomic (1.1.14) from /Users/kvirani/.rvm/gems/ruby-2.1.0/specifications/atomic-1.1.14.gemspec
I, [2014-01-27T00:36:40.583109 #90683]  INFO -- : 0:  thread_safe (0.1.3) from /Users/kvirani/.rvm/gems/ruby-2.1.0/specifications/thread_safe-0.1.3.gemspec
I, [2014-01-27T00:36:40.583359 #90683]  INFO -- : 0:  tzinfo (0.3.38) from /Users/kvirani/.rvm/gems/ruby-2.1.0/specifications/tzinfo-0.3.38.gemspec
I, [2014-01-27T00:36:40.583602 #90683]  INFO -- : 0:  activesupport (4.0.2) from /Users/kvirani/.rvm/gems/ruby-2.1.0/specifications/activesupport-4.0.2.gemspec
I, [2014-01-27T00:36:40.583833 #90683]  INFO -- : 0:  builder (3.1.4) from /Users/kvirani/.rvm/gems/ruby-2.1.0/specifications/builder-3.1.4.gemspec
I, [2014-01-27T00:36:40.584063 #90683]  INFO -- : 0:  activemodel (4.0.2) from /Users/kvirani/.rvm/gems/ruby-2.1.0/specifications/activemodel-4.0.2.gemspec
I, [2014-01-27T00:36:40.584294 #90683]  INFO -- : 0:  activerecord-deprecated_finders (1.0.3) from /Users/kvirani/.rvm/gems/ruby-2.1.0/specifications/activerecord-deprecated_finders-1.0.3.gemspec
I, [2014-01-27T00:36:40.584521 #90683]  INFO -- : 0:  arel (4.0.1) from /Users/kvirani/.rvm/gems/ruby-2.1.0/specifications/arel-4.0.1.gemspec
I, [2014-01-27T00:36:40.584748 #90683]  INFO -- : 0:  activerecord (4.0.2) from /Users/kvirani/.rvm/gems/ruby-2.1.0/specifications/activerecord-4.0.2.gemspec
I, [2014-01-27T00:36:40.584978 #90683]  INFO -- : 0:  backports (3.4.0) from /Users/kvirani/.rvm/gems/ruby-2.1.0/specifications/backports-3.4.0.gemspec
I, [2014-01-27T00:36:40.585206 #90683]  INFO -- : 0:  bond (0.4.3) from /Users/kvirani/.rvm/gems/ruby-2.1.0/specifications/bond-0.4.3.gemspec
I, [2014-01-27T00:36:40.585427 #90683]  INFO -- : 0:  dotenv (0.9.0) from /Users/kvirani/.rvm/gems/ruby-2.1.0/specifications/dotenv-0.9.0.gemspec
I, [2014-01-27T00:36:40.585649 #90683]  INFO -- : 0:  pg (0.17.1) from /Users/kvirani/.rvm/gems/ruby-2.1.0/specifications/pg-0.17.1.gemspec
I, [2014-01-27T00:36:40.585873 #90683]  INFO -- : 0:  rack (1.5.2) from /Users/kvirani/.rvm/gems/ruby-2.1.0/specifications/rack-1.5.2.gemspec
I, [2014-01-27T00:36:40.586103 #90683]  INFO -- : 0:  puma (2.7.1) from /Users/kvirani/.rvm/gems/ruby-2.1.0/specifications/puma-2.7.1.gemspec
I, [2014-01-27T00:36:40.586329 #90683]  INFO -- : 0:  rack-protection (1.5.2) from /Users/kvirani/.rvm/gems/ruby-2.1.0/specifications/rack-protection-1.5.2.gemspec
I, [2014-01-27T00:36:40.586558 #90683]  INFO -- : 0:  rack-test (0.6.2) from /Users/kvirani/.rvm/gems/ruby-2.1.0/specifications/rack-test-0.6.2.gemspec
I, [2014-01-27T00:36:40.586782 #90683]  INFO -- : 0:  ripl (0.7.0) from /Users/kvirani/.rvm/gems/ruby-2.1.0/specifications/ripl-0.7.0.gemspec
I, [2014-01-27T00:36:40.587007 #90683]  INFO -- : 0:  ripl-multi_line (0.3.1) from /Users/kvirani/.rvm/gems/ruby-2.1.0/specifications/ripl-multi_line-0.3.1.gemspec
I, [2014-01-27T00:36:40.587233 #90683]  INFO -- : 0:  ripl-rack (0.2.0) from /Users/kvirani/.rvm/gems/ruby-2.1.0/specifications/ripl-rack-0.2.0.gemspec
I, [2014-01-27T00:36:40.587456 #90683]  INFO -- : 0:  shotgun (0.9) from /Users/kvirani/.rvm/gems/ruby-2.1.0/specifications/shotgun-0.9.gemspec
I, [2014-01-27T00:36:40.587676 #90683]  INFO -- : 0:  tilt (1.4.1) from /Users/kvirani/.rvm/gems/ruby-2.1.0/specifications/tilt-1.4.1.gemspec
I, [2014-01-27T00:36:40.587898 #90683]  INFO -- : 0:  sinatra (1.4.4) from /Users/kvirani/.rvm/gems/ruby-2.1.0/specifications/sinatra-1.4.4.gemspec
I, [2014-01-27T00:36:40.588125 #90683]  INFO -- : 0:  sinatra-activerecord (1.2.3) from /Users/kvirani/.rvm/gems/ruby-2.1.0/specifications/sinatra-activerecord-1.2.3.gemspec
I, [2014-01-27T00:36:40.588365 #90683]  INFO -- : 0:  sinatra-contrib (1.4.2) from /Users/kvirani/.rvm/gems/ruby-2.1.0/specifications/sinatra-contrib-1.4.2.gemspec
I, [2014-01-27T00:36:40.588591 #90683]  INFO -- : 0:  sqlite3 (1.3.8) from /Users/kvirani/.rvm/gems/ruby-2.1.0/specifications/sqlite3-1.3.8.gemspec
I, [2014-01-27T00:36:40.588813 #90683]  INFO -- : 0:  tux (0.3.0) from /Users/kvirani/.rvm/gems/ruby-2.1.0/specifications/tux-0.3.0.gemspec
I, [2014-01-27T00:36:40.589028 #90683]  INFO -- : 0:  bundler (1.5.1) from /Users/kvirani/.rvm/gems/ruby-2.1.0@global/specifications/bundler-1.5.1.gemspec
